# JRE version: OpenJDK Runtime Environment (17.0.11) (build 17.0.11+0--11852314)
# Java VM: OpenJDK 64-Bit Server VM (17.0.11+0--11852314, mixed mode, tiered, compressed oops, compressed class ptrs, g1 gc, windows-amd64)
GC Precious Log:
 CPUs: 6 total, 6 available
 Memory: 8189M
 Large Page Support: Disabled
 NUMA Support: Disabled
 Compressed Oops: Enabled (Zero based)
 Heap Region Size: 4M
 Heap Min Capacity: 8M
 Heap Initial Capacity: 128M
 Heap Max Capacity: 8G
 Pre-touch: Disabled
 Parallel Workers: 6
 Concurrent Workers: 2
 Concurrent Refinement Workers: 6
 Periodic GC: Disabled
Heap:
 garbage-first heap   total 1425408K, used 352443K [0x0000000600000000, 0x0000000800000000)
  region size 4096K, 12 young (49152K), 12 survivors (49152K)
 Metaspace       used 203587K, committed 205568K, reserved 1245184K
  class space    used 26852K, committed 27776K, reserved 1048576K
GC Heap History (20 events):
Event: 1688.238 GC heap after
{Heap after GC invocations=102 (full 0):
 garbage-first heap   total 1425408K, used 384501K [0x0000000600000000, 0x0000000800000000)
  region size 4096K, 1 young (4096K), 1 survivors (4096K)
 Metaspace       used 182446K, committed 184000K, reserved 1245184K
  class space    used 24764K, committed 25472K, reserved 1048576K
}
Event: 1692.472 GC heap before
{Heap before GC invocations=102 (full 0):
 garbage-first heap   total 1425408K, used 503285K [0x0000000600000000, 0x0000000800000000)
  region size 4096K, 32 young (131072K), 1 survivors (4096K)
 Metaspace       used 183154K, committed 184704K, reserved 1245184K
  class space    used 24831K, committed 25536K, reserved 1048576K
}
Event: 1692.483 GC heap after
{Heap after GC invocations=103 (full 0):
 garbage-first heap   total 1425408K, used 300750K [0x0000000600000000, 0x0000000800000000)
  region size 4096K, 1 young (4096K), 1 survivors (4096K)
 Metaspace       used 183154K, committed 184704K, reserved 1245184K
  class space    used 24831K, committed 25536K, reserved 1048576K
}
Event: 1718.673 GC heap before
{Heap before GC invocations=104 (full 0):
 garbage-first heap   total 1425408K, used 1103566K [0x0000000600000000, 0x0000000800000000)
  region size 4096K, 197 young (806912K), 1 survivors (4096K)
 Metaspace       used 184348K, committed 186112K, reserved 1245184K
  class space    used 24990K, committed 25792K, reserved 1048576K
}
Event: 1718.710 GC heap after
{Heap after GC invocations=105 (full 0):
 garbage-first heap   total 1425408K, used 332677K [0x0000000600000000, 0x0000000800000000)
  region size 4096K, 9 young (36864K), 9 survivors (36864K)
 Metaspace       used 184348K, committed 186112K, reserved 1245184K
  class space    used 24990K, committed 25792K, reserved 1048576K
}
Event: 1718.784 GC heap before
{Heap before GC invocations=105 (full 0):
 garbage-first heap   total 1425408K, used 361349K [0x0000000600000000, 0x0000000800000000)
  region size 4096K, 17 young (69632K), 9 survivors (36864K)
 Metaspace       used 184348K, committed 186112K, reserved 1245184K
  class space    used 24990K, committed 25792K, reserved 1048576K
}
Event: 1718.966 GC heap after
{Heap after GC invocations=106 (full 0):
 garbage-first heap   total 1425408K, used 324730K [0x0000000600000000, 0x0000000800000000)
  region size 4096K, 2 young (8192K), 2 survivors (8192K)
 Metaspace       used 184348K, committed 186112K, reserved 1245184K
  class space    used 24990K, committed 25792K, reserved 1048576K
}
Event: 1752.727 GC heap before
{Heap before GC invocations=106 (full 0):
 garbage-first heap   total 1425408K, used 984186K [0x0000000600000000, 0x0000000800000000)
  region size 4096K, 164 young (671744K), 2 survivors (8192K)
 Metaspace       used 185287K, committed 187136K, reserved 1245184K
  class space    used 25071K, committed 25920K, reserved 1048576K
}
Event: 1752.746 GC heap after
{Heap after GC invocations=107 (full 0):
 garbage-first heap   total 1425408K, used 332345K [0x0000000600000000, 0x0000000800000000)
  region size 4096K, 4 young (16384K), 4 survivors (16384K)
 Metaspace       used 185287K, committed 187136K, reserved 1245184K
  class space    used 25071K, committed 25920K, reserved 1048576K
}
Event: 1764.139 GC heap before
{Heap before GC invocations=108 (full 0):
 garbage-first heap   total 1216512K, used 1135161K [0x0000000600000000, 0x0000000800000000)
  region size 4096K, 182 young (745472K), 4 survivors (16384K)
 Metaspace       used 194252K, committed 196160K, reserved 1245184K
  class space    used 25984K, committed 26880K, reserved 1048576K
}
Event: 1764.252 GC heap after
{Heap after GC invocations=109 (full 0):
 garbage-first heap   total 1216512K, used 441356K [0x0000000600000000, 0x0000000800000000)
  region size 4096K, 10 young (40960K), 10 survivors (40960K)
 Metaspace       used 194252K, committed 196160K, reserved 1245184K
  class space    used 25984K, committed 26880K, reserved 1048576K
}
Event: 1764.639 GC heap before
{Heap before GC invocations=109 (full 0):
 garbage-first heap   total 1216512K, used 453644K [0x0000000600000000, 0x0000000800000000)
  region size 4096K, 15 young (61440K), 10 survivors (40960K)
 Metaspace       used 194528K, committed 196480K, reserved 1245184K
  class space    used 26020K, committed 26944K, reserved 1048576K
}
Event: 1764.791 GC heap after
{Heap after GC invocations=110 (full 0):
 garbage-first heap   total 1216512K, used 408096K [0x0000000600000000, 0x0000000800000000)
  region size 4096K, 2 young (8192K), 2 survivors (8192K)
 Metaspace       used 194528K, committed 196480K, reserved 1245184K
  class space    used 26020K, committed 26944K, reserved 1048576K
}
Event: 1770.089 GC heap before
{Heap before GC invocations=110 (full 0):
 garbage-first heap   total 1216512K, used 993824K [0x0000000600000000, 0x0000000800000000)
  region size 4096K, 146 young (598016K), 2 survivors (8192K)
 Metaspace       used 197827K, committed 199744K, reserved 1245184K
  class space    used 26188K, committed 27072K, reserved 1048576K
}
Event: 1770.104 GC heap after
{Heap after GC invocations=111 (full 0):
 garbage-first heap   total 1216512K, used 373529K [0x0000000600000000, 0x0000000800000000)
  region size 4096K, 4 young (16384K), 4 survivors (16384K)
 Metaspace       used 197827K, committed 199744K, reserved 1245184K
  class space    used 26188K, committed 27072K, reserved 1048576K
}
Event: 1774.215 GC heap before
{Heap before GC invocations=112 (full 0):
 garbage-first heap   total 1216512K, used 996121K [0x0000000600000000, 0x0000000800000000)
  region size 4096K, 157 young (643072K), 4 survivors (16384K)
 Metaspace       used 203533K, committed 205504K, reserved 1245184K
  class space    used 26847K, committed 27776K, reserved 1048576K
}
Event: 1774.241 GC heap after
{Heap after GC invocations=113 (full 0):
 garbage-first heap   total 1216512K, used 341479K [0x0000000600000000, 0x0000000800000000)
  region size 4096K, 6 young (24576K), 6 survivors (24576K)
 Metaspace       used 203533K, committed 205504K, reserved 1245184K
  class space    used 26847K, committed 27776K, reserved 1048576K
}
Event: 1774.279 GC heap before
{Heap before GC invocations=113 (full 0):
 garbage-first heap   total 1216512K, used 374247K [0x0000000600000000, 0x0000000800000000)
  region size 4096K, 14 young (57344K), 6 survivors (24576K)
 Metaspace       used 203533K, committed 205504K, reserved 1245184K
  class space    used 26847K, committed 27776K, reserved 1048576K
}
Event: 1774.326 GC heap after
{Heap after GC invocations=114 (full 0):
 garbage-first heap   total 1216512K, used 309371K [0x0000000600000000, 0x0000000800000000)
  region size 4096K, 1 young (4096K), 1 survivors (4096K)
 Metaspace       used 203533K, committed 205504K, reserved 1245184K
  class space    used 26847K, committed 27776K, reserved 1048576K
}
Event: 1775.293 GC heap before
{Heap before GC invocations=114 (full 0):
 garbage-first heap   total 1216512K, used 997499K [0x0000000600000000, 0x0000000800000000)
  region size 4096K, 170 young (696320K), 1 survivors (4096K)
 Metaspace       used 203587K, committed 205568K, reserved 1245184K
  class space    used 26852K, committed 27776K, reserved 1048576K
}

