# JRE version: OpenJDK Runtime Environment (17.0.11) (build 17.0.11+0--11852314)
# Java VM: OpenJDK 64-Bit Server VM (17.0.11+0--11852314, mixed mode, tiered, compressed oops, compressed class ptrs, g1 gc, windows-amd64)
GC Precious Log:
 CPUs: 6 total, 6 available
 Memory: 8189M
 Large Page Support: Disabled
 NUMA Support: Disabled
 Compressed Oops: Enabled (Zero based)
 Heap Region Size: 4M
 Heap Min Capacity: 8M
 Heap Initial Capacity: 128M
 Heap Max Capacity: 8G
 Pre-touch: Disabled
 Parallel Workers: 6
 Concurrent Workers: 2
 Concurrent Refinement Workers: 6
 Periodic GC: Disabled
Heap:
 garbage-first heap   total 1830912K, used 464886K [0x0000000600000000, 0x0000000800000000)
  region size 4096K, 9 young (36864K), 9 survivors (36864K)
 Metaspace       used 218378K, committed 220224K, reserved 1245184K
  class space    used 27576K, committed 28480K, reserved 1048576K
GC Heap History (20 events):
Event: 284.995 GC heap after
{Heap after GC invocations=134 (full 0):
 garbage-first heap   total 1830912K, used 514195K [0x0000000600000000, 0x0000000800000000)
  region size 4096K, 23 young (94208K), 23 survivors (94208K)
 Metaspace       used 197555K, committed 198656K, reserved 1245184K
  class space    used 24705K, committed 25216K, reserved 1048576K
}
Event: 470.473 GC heap before
{Heap before GC invocations=135 (full 0):
 garbage-first heap   total 1818624K, used 1501331K [0x0000000600000000, 0x0000000800000000)
  region size 4096K, 266 young (1089536K), 23 survivors (94208K)
 Metaspace       used 209676K, committed 211072K, reserved 1245184K
  class space    used 26569K, committed 27264K, reserved 1048576K
}
Event: 470.722 GC heap after
{Heap after GC invocations=136 (full 0):
 garbage-first heap   total 1818624K, used 542407K [0x0000000600000000, 0x0000000800000000)
  region size 4096K, 28 young (114688K), 28 survivors (114688K)
 Metaspace       used 209676K, committed 211072K, reserved 1245184K
  class space    used 26569K, committed 27264K, reserved 1048576K
}
Event: 470.757 GC heap before
{Heap before GC invocations=136 (full 0):
 garbage-first heap   total 1818624K, used 546503K [0x0000000600000000, 0x0000000800000000)
  region size 4096K, 29 young (118784K), 28 survivors (114688K)
 Metaspace       used 209684K, committed 211072K, reserved 1245184K
  class space    used 26569K, committed 27264K, reserved 1048576K
}
Event: 471.192 GC heap after
{Heap after GC invocations=137 (full 0):
 garbage-first heap   total 1818624K, used 526327K [0x0000000600000000, 0x0000000800000000)
  region size 4096K, 3 young (12288K), 3 survivors (12288K)
 Metaspace       used 209684K, committed 211072K, reserved 1245184K
  class space    used 26569K, committed 27264K, reserved 1048576K
}
Event: 617.859 GC heap before
{Heap before GC invocations=137 (full 0):
 garbage-first heap   total 1818624K, used 1570807K [0x0000000600000000, 0x0000000800000000)
  region size 4096K, 251 young (1028096K), 3 survivors (12288K)
 Metaspace       used 211642K, committed 213120K, reserved 1245184K
  class space    used 26730K, committed 27456K, reserved 1048576K
}
Event: 618.052 GC heap after
{Heap after GC invocations=138 (full 0):
 garbage-first heap   total 1818624K, used 555814K [0x0000000600000000, 0x0000000800000000)
  region size 4096K, 11 young (45056K), 11 survivors (45056K)
 Metaspace       used 211642K, committed 213120K, reserved 1245184K
  class space    used 26730K, committed 27456K, reserved 1048576K
}
Event: 662.659 GC heap before
{Heap before GC invocations=139 (full 0):
 garbage-first heap   total 1818624K, used 1101046K [0x0000000600000000, 0x0000000800000000)
  region size 4096K, 145 young (593920K), 11 survivors (45056K)
 Metaspace       used 212191K, committed 213696K, reserved 1245184K
  class space    used 26766K, committed 27520K, reserved 1048576K
}
Event: 662.722 GC heap after
{Heap after GC invocations=140 (full 0):
 garbage-first heap   total 1818624K, used 511890K [0x0000000600000000, 0x0000000800000000)
  region size 4096K, 6 young (24576K), 6 survivors (24576K)
 Metaspace       used 212191K, committed 213696K, reserved 1245184K
  class space    used 26766K, committed 27520K, reserved 1048576K
}
Event: 663.084 GC heap before
{Heap before GC invocations=140 (full 0):
 garbage-first heap   total 1818624K, used 577426K [0x0000000600000000, 0x0000000800000000)
  region size 4096K, 22 young (90112K), 6 survivors (24576K)
 Metaspace       used 212191K, committed 213696K, reserved 1245184K
  class space    used 26766K, committed 27520K, reserved 1048576K
}
Event: 663.255 GC heap after
{Heap after GC invocations=141 (full 0):
 garbage-first heap   total 1818624K, used 351926K [0x0000000600000000, 0x0000000800000000)
  region size 4096K, 3 young (12288K), 3 survivors (12288K)
 Metaspace       used 212191K, committed 213696K, reserved 1245184K
  class space    used 26766K, committed 27520K, reserved 1048576K
}
Event: 663.534 GC heap before
{Heap before GC invocations=141 (full 0):
 garbage-first heap   total 1818624K, used 437942K [0x0000000600000000, 0x0000000800000000)
  region size 4096K, 22 young (90112K), 3 survivors (12288K)
 Metaspace       used 212205K, committed 213760K, reserved 1245184K
  class space    used 26766K, committed 27520K, reserved 1048576K
}
Event: 663.603 GC heap after
{Heap after GC invocations=142 (full 0):
 garbage-first heap   total 1818624K, used 361487K [0x0000000600000000, 0x0000000800000000)
  region size 4096K, 3 young (12288K), 3 survivors (12288K)
 Metaspace       used 212205K, committed 213760K, reserved 1245184K
  class space    used 26766K, committed 27520K, reserved 1048576K
}
Event: 697.641 GC heap before
{Heap before GC invocations=142 (full 0):
 garbage-first heap   total 1818624K, used 1455119K [0x0000000600000000, 0x0000000800000000)
  region size 4096K, 266 young (1089536K), 3 survivors (12288K)
 Metaspace       used 218373K, committed 220160K, reserved 1245184K
  class space    used 27576K, committed 28480K, reserved 1048576K
}
Event: 697.924 GC heap after
{Heap after GC invocations=143 (full 0):
 garbage-first heap   total 1818624K, used 432737K [0x0000000600000000, 0x0000000800000000)
  region size 4096K, 21 young (86016K), 21 survivors (86016K)
 Metaspace       used 218373K, committed 220160K, reserved 1245184K
  class space    used 27576K, committed 28480K, reserved 1048576K
}
Event: 697.928 GC heap before
{Heap before GC invocations=143 (full 0):
 garbage-first heap   total 1818624K, used 436833K [0x0000000600000000, 0x0000000800000000)
  region size 4096K, 22 young (90112K), 21 survivors (86016K)
 Metaspace       used 218373K, committed 220160K, reserved 1245184K
  class space    used 27576K, committed 28480K, reserved 1048576K
}
Event: 698.109 GC heap after
{Heap after GC invocations=144 (full 0):
 garbage-first heap   total 1818624K, used 439517K [0x0000000600000000, 0x0000000800000000)
  region size 4096K, 2 young (8192K), 2 survivors (8192K)
 Metaspace       used 218373K, committed 220160K, reserved 1245184K
  class space    used 27576K, committed 28480K, reserved 1048576K
}
Event: 700.824 GC heap before
{Heap before GC invocations=144 (full 0):
 garbage-first heap   total 1818624K, used 1328349K [0x0000000600000000, 0x0000000800000000)
  region size 4096K, 220 young (901120K), 2 survivors (8192K)
 Metaspace       used 218378K, committed 220224K, reserved 1245184K
  class space    used 27576K, committed 28480K, reserved 1048576K
}
Event: 700.926 GC heap after
{Heap after GC invocations=145 (full 0):
 garbage-first heap   total 1818624K, used 463056K [0x0000000600000000, 0x0000000800000000)
  region size 4096K, 8 young (32768K), 8 survivors (32768K)
 Metaspace       used 218378K, committed 220224K, reserved 1245184K
  class space    used 27576K, committed 28480K, reserved 1048576K
}
Event: 701.766 GC heap before
{Heap before GC invocations=145 (full 0):
 garbage-first heap   total 1818624K, used 1212624K [0x0000000600000000, 0x0000000800000000)
  region size 4096K, 191 young (782336K), 8 survivors (32768K)
 Metaspace       used 218378K, committed 220224K, reserved 1245184K
  class space    used 27576K, committed 28480K, reserved 1048576K
}

