# JRE version: OpenJDK Runtime Environment (17.0.11) (build 17.0.11+0--11852314)
# Java VM: OpenJDK 64-Bit Server VM (17.0.11+0--11852314, mixed mode, tiered, compressed oops, compressed class ptrs, g1 gc, windows-amd64)
GC Precious Log:
 CPUs: 6 total, 6 available
 Memory: 8189M
 Large Page Support: Disabled
 NUMA Support: Disabled
 Compressed Oops: Enabled (Zero based)
 Heap Region Size: 4M
 Heap Min Capacity: 8M
 Heap Initial Capacity: 128M
 Heap Max Capacity: 8G
 Pre-touch: Disabled
 Parallel Workers: 6
 Concurrent Workers: 2
 Concurrent Refinement Workers: 6
 Periodic GC: Disabled
Heap:
 garbage-first heap   total 1585152K, used 405741K [0x0000000600000000, 0x0000000800000000)
  region size 4096K, 7 young (28672K), 7 survivors (28672K)
 Metaspace       used 194110K, committed 195648K, reserved 1245184K
  class space    used 25599K, committed 26304K, reserved 1048576K
GC Heap History (20 events):
Event: 210.488 GC heap after
{Heap after GC invocations=83 (full 0):
 garbage-first heap   total 1585152K, used 353294K [0x0000000600000000, 0x0000000800000000)
  region size 4096K, 10 young (40960K), 10 survivors (40960K)
 Metaspace       used 184031K, committed 185600K, reserved 1245184K
  class space    used 24354K, committed 25088K, reserved 1048576K
}
Event: 218.397 GC heap before
{Heap before GC invocations=84 (full 0):
 garbage-first heap   total 1216512K, used 1057806K [0x0000000600000000, 0x0000000800000000)
  region size 4096K, 178 young (729088K), 10 survivors (40960K)
 Metaspace       used 190287K, committed 191872K, reserved 1245184K
  class space    used 25244K, committed 25984K, reserved 1048576K
}
Event: 218.487 GC heap after
{Heap after GC invocations=85 (full 0):
 garbage-first heap   total 1216512K, used 403603K [0x0000000600000000, 0x0000000800000000)
  region size 4096K, 21 young (86016K), 21 survivors (86016K)
 Metaspace       used 190287K, committed 191872K, reserved 1245184K
  class space    used 25244K, committed 25984K, reserved 1048576K
}
Event: 218.518 GC heap before
{Heap before GC invocations=85 (full 0):
 garbage-first heap   total 1216512K, used 407699K [0x0000000600000000, 0x0000000800000000)
  region size 4096K, 22 young (90112K), 21 survivors (86016K)
 Metaspace       used 190303K, committed 191872K, reserved 1245184K
  class space    used 25244K, committed 25984K, reserved 1048576K
}
Event: 218.600 GC heap after
{Heap after GC invocations=86 (full 0):
 garbage-first heap   total 1216512K, used 362824K [0x0000000600000000, 0x0000000800000000)
  region size 4096K, 3 young (12288K), 3 survivors (12288K)
 Metaspace       used 190303K, committed 191872K, reserved 1245184K
  class space    used 25244K, committed 25984K, reserved 1048576K
}
Event: 220.315 GC heap before
{Heap before GC invocations=86 (full 0):
 garbage-first heap   total 1216512K, used 1014088K [0x0000000600000000, 0x0000000800000000)
  region size 4096K, 162 young (663552K), 3 survivors (12288K)
 Metaspace       used 191562K, committed 193216K, reserved 1245184K
  class space    used 25290K, committed 26048K, reserved 1048576K
}
Event: 220.332 GC heap after
{Heap after GC invocations=87 (full 0):
 garbage-first heap   total 1216512K, used 364208K [0x0000000600000000, 0x0000000800000000)
  region size 4096K, 3 young (12288K), 3 survivors (12288K)
 Metaspace       used 191562K, committed 193216K, reserved 1245184K
  class space    used 25290K, committed 26048K, reserved 1048576K
}
Event: 222.136 GC heap before
{Heap before GC invocations=88 (full 0):
 garbage-first heap   total 1216512K, used 1023664K [0x0000000600000000, 0x0000000800000000)
  region size 4096K, 164 young (671744K), 3 survivors (12288K)
 Metaspace       used 191413K, committed 193088K, reserved 1245184K
  class space    used 25251K, committed 26048K, reserved 1048576K
}
Event: 222.161 GC heap after
{Heap after GC invocations=89 (full 0):
 garbage-first heap   total 1216512K, used 374655K [0x0000000600000000, 0x0000000800000000)
  region size 4096K, 6 young (24576K), 6 survivors (24576K)
 Metaspace       used 191413K, committed 193088K, reserved 1245184K
  class space    used 25251K, committed 26048K, reserved 1048576K
}
Event: 222.220 GC heap before
{Heap before GC invocations=89 (full 0):
 garbage-first heap   total 1216512K, used 407423K [0x0000000600000000, 0x0000000800000000)
  region size 4096K, 14 young (57344K), 6 survivors (24576K)
 Metaspace       used 191428K, committed 193088K, reserved 1245184K
  class space    used 25251K, committed 26048K, reserved 1048576K
}
Event: 222.243 GC heap after
{Heap after GC invocations=90 (full 0):
 garbage-first heap   total 1216512K, used 363054K [0x0000000600000000, 0x0000000800000000)
  region size 4096K, 1 young (4096K), 1 survivors (4096K)
 Metaspace       used 191428K, committed 193088K, reserved 1245184K
  class space    used 25251K, committed 26048K, reserved 1048576K
}
Event: 224.177 GC heap before
{Heap before GC invocations=90 (full 0):
 garbage-first heap   total 1216512K, used 1030702K [0x0000000600000000, 0x0000000800000000)
  region size 4096K, 164 young (671744K), 1 survivors (4096K)
 Metaspace       used 191565K, committed 193216K, reserved 1245184K
  class space    used 25266K, committed 26048K, reserved 1048576K
}
Event: 224.233 GC heap after
{Heap after GC invocations=91 (full 0):
 garbage-first heap   total 1216512K, used 383360K [0x0000000600000000, 0x0000000800000000)
  region size 4096K, 6 young (24576K), 6 survivors (24576K)
 Metaspace       used 191565K, committed 193216K, reserved 1245184K
  class space    used 25266K, committed 26048K, reserved 1048576K
}
Event: 226.646 GC heap before
{Heap before GC invocations=91 (full 0):
 garbage-first heap   total 1216512K, used 1022336K [0x0000000600000000, 0x0000000800000000)
  region size 4096K, 163 young (667648K), 6 survivors (24576K)
 Metaspace       used 191743K, committed 193344K, reserved 1245184K
  class space    used 25281K, committed 26048K, reserved 1048576K
}
Event: 226.668 GC heap after
{Heap after GC invocations=92 (full 0):
 garbage-first heap   total 1216512K, used 382980K [0x0000000600000000, 0x0000000800000000)
  region size 4096K, 6 young (24576K), 6 survivors (24576K)
 Metaspace       used 191743K, committed 193344K, reserved 1245184K
  class space    used 25281K, committed 26048K, reserved 1048576K
}
Event: 229.301 GC heap before
{Heap before GC invocations=92 (full 0):
 garbage-first heap   total 1216512K, used 1034244K [0x0000000600000000, 0x0000000800000000)
  region size 4096K, 166 young (679936K), 6 survivors (24576K)
 Metaspace       used 191833K, committed 193472K, reserved 1245184K
  class space    used 25289K, committed 26048K, reserved 1048576K
}
Event: 229.332 GC heap after
{Heap after GC invocations=93 (full 0):
 garbage-first heap   total 1216512K, used 393541K [0x0000000600000000, 0x0000000800000000)
  region size 4096K, 9 young (36864K), 9 survivors (36864K)
 Metaspace       used 191833K, committed 193472K, reserved 1245184K
  class space    used 25289K, committed 26048K, reserved 1048576K
}
Event: 230.439 GC heap before
{Heap before GC invocations=93 (full 0):
 garbage-first heap   total 1216512K, used 1020229K [0x0000000600000000, 0x0000000800000000)
  region size 4096K, 162 young (663552K), 9 survivors (36864K)
 Metaspace       used 193420K, committed 195008K, reserved 1245184K
  class space    used 25558K, committed 26304K, reserved 1048576K
}
Event: 230.481 GC heap after
{Heap after GC invocations=94 (full 0):
 garbage-first heap   total 1216512K, used 409452K [0x0000000600000000, 0x0000000800000000)
  region size 4096K, 13 young (53248K), 13 survivors (53248K)
 Metaspace       used 193420K, committed 195008K, reserved 1245184K
  class space    used 25558K, committed 26304K, reserved 1048576K
}
Event: 231.753 GC heap before
{Heap before GC invocations=94 (full 0):
 garbage-first heap   total 1216512K, used 1015660K [0x0000000600000000, 0x0000000800000000)
  region size 4096K, 161 young (659456K), 13 survivors (53248K)
 Metaspace       used 194110K, committed 195648K, reserved 1245184K
  class space    used 25599K, committed 26304K, reserved 1048576K
}

